-- The C compiler identification is GNU 9.4.0
-- The CXX compiler identification is GNU 9.4.0
-- Check for working C compiler: /usr/bin/cc
-- Check for working C compiler: /usr/bin/cc -- works
-- Detecting C compiler ABI info
-- Detecting C compiler ABI info - done
-- Detecting C compile features
-- Detecting C compile features - done
-- Check for working CXX compiler: /usr/bin/c++
-- Check for working CXX compiler: /usr/bin/c++ -- works
-- Detecting CXX compiler ABI info
-- Detecting CXX compiler ABI info - done
-- Detecting CXX compile features
-- Detecting CXX compile features - done
-- Using CATKIN_DEVEL_PREFIX: /mnt/d/Coding/slam/template/devel
-- Using CMAKE_PREFIX_PATH: /opt/ros/noetic
-- This workspace overlays: /opt/ros/noetic
-- Found PythonInterp: /home/numbnut/miniconda3/envs/rviz39/bin/python3 (found suitable version "3.9.18", minimum required is "3") 
-- Using PYTHON_EXECUTABLE: /home/numbnut/miniconda3/envs/rviz39/bin/python3
-- Using Debian Python package layout
-- Found PY_em: /home/numbnut/miniconda3/envs/rviz39/lib/python3.9/site-packages/em.py  
-- Using empy: /home/numbnut/miniconda3/envs/rviz39/lib/python3.9/site-packages/em.py
-- Using CATKIN_ENABLE_TESTING: ON
-- Call enable_testing()
-- Using CATKIN_TEST_RESULTS_DIR: /mnt/d/Coding/slam/template/build/test_results
-- Forcing gtest/gmock from source, though one was otherwise available.
-- Found gtest sources under '/usr/src/googletest': gtests will be built
-- Found gmock sources under '/usr/src/googletest': gmock will be built
-- Found PythonInterp: /home/numbnut/miniconda3/envs/rviz39/bin/python3 (found version "3.9.18") 
-- Found Threads: TRUE  
-- Using Python nosetests: /usr/bin/nosetests3
-- catkin 0.8.10
-- BUILD_SHARED_LIBS is on
-- BUILD_SHARED_LIBS is on
-- ~~~~~~~~~~~~~~~~~~~~~~~~~~~~~~~~~~~~~~~~~~~~~~~~~
-- ~~  traversing 1 packages in topological order:
-- ~~  - rviz
-- ~~~~~~~~~~~~~~~~~~~~~~~~~~~~~~~~~~~~~~~~~~~~~~~~~
-- +++ processing catkin package: 'rviz'
-- ==> add_subdirectory(rviz)
-- Found Boost: /usr/lib/x86_64-linux-gnu/cmake/Boost-1.71.0/BoostConfig.cmake (found version "1.71.0") found components: filesystem program_options system thread 
-- Found PkgConfig: /usr/bin/pkg-config (found version "1.6.3") 
-- Checking for modules 'OGRE;OGRE-Overlay'
--   Found OGRE, version 1.9.0
--   Found OGRE-Overlay, version 1.9.0
-- OGRE_INCLUDE_DIRS=/usr/include/OGRE;/usr/include/OGRE/Overlay
-- OGRE_LIBRARIES=/usr/lib/x86_64-linux-gnu/libOgreOverlay.so;/usr/lib/x86_64-linux-gnu/libOgreMain.so;/usr/lib/x86_64-linux-gnu/libpthread.so
-- OGRE_PLUGIN_DIR=/usr/lib/x86_64-linux-gnu/OGRE-1.9.0
-- Found OpenGL: /usr/lib/x86_64-linux-gnu/libOpenGL.so   
-- Using these message generators: gencpp;geneus;genlisp;gennodejs;genpy
-- Found PythonLibs: /home/numbnut/miniconda3/envs/rviz39/lib/libpython3.9.so (found suitable version "3.9.18", minimum required is "3.9") 
-- Found TinyXML2: /usr/lib/x86_64-linux-gnu/libtinyxml2.so  
-- rviz: 0 messages, 1 services
-- Found X11: /usr/include   
-- Looking for XOpenDisplay in /usr/lib/x86_64-linux-gnu/libX11.so;/usr/lib/x86_64-linux-gnu/libXext.so
-- Looking for XOpenDisplay in /usr/lib/x86_64-linux-gnu/libX11.so;/usr/lib/x86_64-linux-gnu/libXext.so - found
-- Looking for gethostbyname
-- Looking for gethostbyname - found
-- Looking for connect
-- Looking for connect - found
-- Looking for remove
-- Looking for remove - found
-- Looking for shmat
-- Looking for shmat - found
-- Looking for IceConnectionNumber in ICE
-- Looking for IceConnectionNumber in ICE - found
-- Performing Test COMPILER_HAS_HIDDEN_VISIBILITY
-- Performing Test COMPILER_HAS_HIDDEN_VISIBILITY - Success
-- Performing Test COMPILER_HAS_HIDDEN_INLINE_VISIBILITY
-- Performing Test COMPILER_HAS_HIDDEN_INLINE_VISIBILITY - Success
-- Performing Test COMPILER_HAS_DEPRECATED_ATTR
-- Performing Test COMPILER_HAS_DEPRECATED_ATTR - Success
-- making version 1.14.20.
-- Found PythonInterp: /home/numbnut/miniconda3/envs/rviz39/bin/python3 (found suitable version "3.9.18", minimum required is "3.9") 
-- SIP binding generator available at: /home/numbnut/miniconda3/envs/rviz39/bin/sip
-- Python binding generators: sip
-- Configuring done
-- Generating done
-- Build files have been written to: /mnt/d/Coding/slam/template/build
Scanning dependencies of target actionlib_generate_messages_nodejs
Scanning dependencies of target nav_msgs_generate_messages_lisp
Scanning dependencies of target std_msgs_generate_messages_nodejs
Scanning dependencies of target std_msgs_generate_messages_py
Scanning dependencies of target actionlib_msgs_generate_messages_cpp
Scanning dependencies of target _rviz_generate_messages_check_deps_SendFilePath
Scanning dependencies of target rosgraph_msgs_generate_messages_nodejs
Scanning dependencies of target std_msgs_generate_messages_eus
Scanning dependencies of target std_srvs_generate_messages_nodejs
Scanning dependencies of target std_srvs_generate_messages_eus
Scanning dependencies of target map_msgs_generate_messages_eus
Scanning dependencies of target std_msgs_generate_messages_cpp
Scanning dependencies of target actionlib_generate_messages_cpp
Scanning dependencies of target std_srvs_generate_messages_cpp
Scanning dependencies of target std_srvs_generate_messages_lisp
Scanning dependencies of target std_msgs_generate_messages_lisp
[  0%] Built target actionlib_generate_messages_nodejs
[  0%] Built target nav_msgs_generate_messages_lisp
[  0%] Built target std_msgs_generate_messages_py
[  0%] Built target std_msgs_generate_messages_nodejs
[  0%] Built target actionlib_msgs_generate_messages_cpp
[  0%] Built target rosgraph_msgs_generate_messages_nodejs
[  0%] Built target std_msgs_generate_messages_eus
[  0%] Built target std_srvs_generate_messages_nodejs
[  0%] Built target map_msgs_generate_messages_eus
[  0%] Built target std_srvs_generate_messages_eus
[  0%] Built target std_msgs_generate_messages_cpp
[  0%] Built target actionlib_generate_messages_cpp
[  0%] Built target std_srvs_generate_messages_lisp
[  0%] Built target std_srvs_generate_messages_cpp
[  0%] Built target std_msgs_generate_messages_lisp
Scanning dependencies of target actionlib_msgs_generate_messages_eus
Scanning dependencies of target map_msgs_generate_messages_nodejs
Scanning dependencies of target actionlib_msgs_generate_messages_py
Scanning dependencies of target roscpp_generate_messages_lisp
Scanning dependencies of target std_srvs_generate_messages_py
Scanning dependencies of target rosgraph_msgs_generate_messages_eus
Scanning dependencies of target roscpp_generate_messages_py
Scanning dependencies of target sensor_msgs_generate_messages_nodejs
Scanning dependencies of target geometry_msgs_generate_messages_eus
Scanning dependencies of target roscpp_generate_messages_cpp
Scanning dependencies of target sensor_msgs_generate_messages_eus
Scanning dependencies of target visualization_msgs_generate_messages_cpp
Scanning dependencies of target sensor_msgs_generate_messages_lisp
Scanning dependencies of target geometry_msgs_generate_messages_py
Scanning dependencies of target actionlib_generate_messages_lisp
[  0%] Built target actionlib_msgs_generate_messages_py
[  0%] Built target roscpp_generate_messages_lisp
[  0%] Built target std_srvs_generate_messages_py
[  0%] Built target map_msgs_generate_messages_nodejs
[  0%] Built target actionlib_msgs_generate_messages_eus
[  0%] Built target rosgraph_msgs_generate_messages_eus
[  0%] Built target roscpp_generate_messages_py
[  0%] Built target sensor_msgs_generate_messages_nodejs
[  0%] Built target geometry_msgs_generate_messages_eus
[  0%] Built target sensor_msgs_generate_messages_eus
[  0%] Built target roscpp_generate_messages_cpp
[  0%] Built target visualization_msgs_generate_messages_cpp
[  0%] Built target sensor_msgs_generate_messages_lisp
[  0%] Built target geometry_msgs_generate_messages_py
[  0%] Built target actionlib_generate_messages_lisp
Scanning dependencies of target tf_generate_messages_eus
Scanning dependencies of target rosgraph_msgs_generate_messages_lisp
Scanning dependencies of target geometry_msgs_generate_messages_lisp
Scanning dependencies of target rosgraph_msgs_generate_messages_cpp
Scanning dependencies of target roscpp_generate_messages_nodejs
Scanning dependencies of target tf2_msgs_generate_messages_cpp
Scanning dependencies of target tf_generate_messages_cpp
Scanning dependencies of target map_msgs_generate_messages_cpp
Scanning dependencies of target rosgraph_msgs_generate_messages_py
Scanning dependencies of target map_msgs_generate_messages_lisp
Scanning dependencies of target geometry_msgs_generate_messages_cpp
Scanning dependencies of target tf2_msgs_generate_messages_py
Scanning dependencies of target actionlib_generate_messages_eus
Scanning dependencies of target nav_msgs_generate_messages_cpp
Scanning dependencies of target visualization_msgs_generate_messages_eus
[  0%] Built target geometry_msgs_generate_messages_lisp
[  0%] Built target tf_generate_messages_eus
[  0%] Built target rosgraph_msgs_generate_messages_lisp
[  0%] Built target roscpp_generate_messages_nodejs
[  0%] Built target tf_generate_messages_cpp
[  0%] Built target rosgraph_msgs_generate_messages_cpp
[  0%] Built target map_msgs_generate_messages_cpp
[  0%] Built target rosgraph_msgs_generate_messages_py
[  0%] Built target map_msgs_generate_messages_lisp
[  0%] Built target geometry_msgs_generate_messages_cpp
[  0%] Built target tf2_msgs_generate_messages_cpp
[  0%] Built target tf2_msgs_generate_messages_py
[  0%] Built target actionlib_generate_messages_eus
[  0%] Built target nav_msgs_generate_messages_cpp
[  0%] Built target visualization_msgs_generate_messages_eus
Scanning dependencies of target visualization_msgs_generate_messages_lisp
Scanning dependencies of target sensor_msgs_generate_messages_cpp
Scanning dependencies of target tf2_msgs_generate_messages_eus
Scanning dependencies of target geometry_msgs_generate_messages_nodejs
Scanning dependencies of target nav_msgs_generate_messages_nodejs
Scanning dependencies of target roscpp_generate_messages_eus
Scanning dependencies of target sensor_msgs_generate_messages_py
Scanning dependencies of target actionlib_generate_messages_py
Scanning dependencies of target tf_generate_messages_py
Scanning dependencies of target actionlib_msgs_generate_messages_nodejs
Scanning dependencies of target actionlib_msgs_generate_messages_lisp
Scanning dependencies of target nav_msgs_generate_messages_eus
Scanning dependencies of target tf2_msgs_generate_messages_lisp
[  0%] Built target sensor_msgs_generate_messages_cpp
[  0%] Built target roscpp_generate_messages_eus
[  0%] Built target nav_msgs_generate_messages_nodejs
[  0%] Built target tf2_msgs_generate_messages_eus
[  0%] Built target visualization_msgs_generate_messages_lisp
[  0%] Built target geometry_msgs_generate_messages_nodejs
Scanning dependencies of target tf2_msgs_generate_messages_nodejs
Scanning dependencies of target visualization_msgs_generate_messages_nodejs
[  0%] Built target actionlib_generate_messages_py
[  0%] Built target sensor_msgs_generate_messages_py
[  0%] Built target tf_generate_messages_py
[  0%] Built target actionlib_msgs_generate_messages_nodejs
[  0%] Built target actionlib_msgs_generate_messages_lisp
[  0%] Built target nav_msgs_generate_messages_eus
[  0%] Built target tf2_msgs_generate_messages_lisp
[  0%] Built target tf2_msgs_generate_messages_nodejs
[  0%] Built target visualization_msgs_generate_messages_nodejs
Scanning dependencies of target tf_generate_messages_lisp
Scanning dependencies of target visualization_msgs_generate_messages_py
Scanning dependencies of target nav_msgs_generate_messages_py
Scanning dependencies of target tf_generate_messages_nodejs
Scanning dependencies of target map_msgs_generate_messages_py
Scanning dependencies of target interactive_marker_test_autogen
Scanning dependencies of target connect_test_autogen
[  0%] Built target _rviz_generate_messages_check_deps_SendFilePath
[  0%] Built target tf_generate_messages_lisp
[  0%] Built target visualization_msgs_generate_messages_py
[  0%] Built target tf_generate_messages_nodejs
[  0%] Built target map_msgs_generate_messages_py
[  0%] Built target nav_msgs_generate_messages_py
[  2%] Automatic MOC for target connect_test
[  2%] Automatic MOC for target interactive_marker_test
Scanning dependencies of target rviz_generate_messages_py
Scanning dependencies of target rviz_generate_messages_eus
Scanning dependencies of target rviz_generate_messages_lisp
Scanning dependencies of target rviz_generate_messages_cpp
Scanning dependencies of target rviz_generate_messages_nodejs
[  3%] Generating Python code from SRV rviz/SendFilePath
[  3%] Generating Lisp code from rviz/SendFilePath.srv
[  3%] Generating C++ code from rviz/SendFilePath.srv
[  3%] Generating EusLisp code from rviz/SendFilePath.srv
[  3%] Generating EusLisp manifest code for rviz
[  5%] Generating Javascript code from rviz/SendFilePath.srv
[  5%] Built target interactive_marker_test_autogen
[  5%] Built target rviz_generate_messages_lisp
[  5%] Built target rviz_generate_messages_nodejs
[  5%] Built target rviz_generate_messages_cpp
[  5%] Generating Python srv __init__.py for rviz
[  5%] Built target connect_test_autogen
[  5%] Built target rviz_generate_messages_py
Scanning dependencies of target interactive_marker_test
[  5%] Building CXX object rviz/src/test/CMakeFiles/interactive_marker_test.dir/interactive_marker_test_autogen/mocs_compilation.cpp.o
[  6%] Building CXX object rviz/src/test/CMakeFiles/interactive_marker_test.dir/interactive_marker_test.cpp.o
Scanning dependencies of target connect_test
[  7%] Building CXX object rviz/src/test/CMakeFiles/connect_test.dir/connect_test_autogen/mocs_compilation.cpp.o
[  7%] Building CXX object rviz/src/test/CMakeFiles/connect_test.dir/connect_test.cpp.o
[  7%] Built target rviz_generate_messages_eus
Scanning dependencies of target rviz_generate_messages
Scanning dependencies of target rviz_autogen
[  7%] Built target rviz_generate_messages
[  7%] Automatic MOC for target rviz
[  7%] Linking CXX executable /mnt/d/Coding/slam/template/devel/lib/rviz/connect_test
[  7%] Built target connect_test
[  7%] Linking CXX executable /mnt/d/Coding/slam/template/devel/lib/rviz/interactive_marker_test
[  7%] Built target interactive_marker_test
[  7%] Built target rviz_autogen
Scanning dependencies of target rviz
[  7%] Building CXX object rviz/src/rviz/CMakeFiles/rviz.dir/rviz_autogen/mocs_compilation.cpp.o
[  9%] Building CXX object rviz/src/rviz/CMakeFiles/rviz.dir/bit_allocator.cpp.o
[  9%] Building CXX object rviz/src/rviz/CMakeFiles/rviz.dir/config.cpp.o
[  9%] Building CXX object rviz/src/rviz/CMakeFiles/rviz.dir/display.cpp.o
[ 10%] Building CXX object rviz/src/rviz/CMakeFiles/rviz.dir/display_factory.cpp.o
[ 10%] Building CXX object rviz/src/rviz/CMakeFiles/rviz.dir/display_group.cpp.o
[ 10%] Building CXX object rviz/src/rviz/CMakeFiles/rviz.dir/displays_panel.cpp.o
[ 11%] Building CXX object rviz/src/rviz/CMakeFiles/rviz.dir/failed_display.cpp.o
[ 11%] Building CXX object rviz/src/rviz/CMakeFiles/rviz.dir/failed_panel.cpp.o
[ 11%] Building CXX object rviz/src/rviz/CMakeFiles/rviz.dir/failed_tool.cpp.o
[ 13%] Building CXX object rviz/src/rviz/CMakeFiles/rviz.dir/frame_manager.cpp.o
[ 13%] Building CXX object rviz/src/rviz/CMakeFiles/rviz.dir/failed_view_controller.cpp.o
[ 13%] Building CXX object rviz/src/rviz/CMakeFiles/rviz.dir/load_resource.cpp.o
[ 14%] Building CXX object rviz/src/rviz/CMakeFiles/rviz.dir/frame_position_tracking_view_controller.cpp.o
[ 14%] Building CXX object rviz/src/rviz/CMakeFiles/rviz.dir/geometry.cpp.o
[ 14%] Building CXX object rviz/src/rviz/CMakeFiles/rviz.dir/help_panel.cpp.o
[ 15%] Building CXX object rviz/src/rviz/CMakeFiles/rviz.dir/image/ros_image_texture.cpp.o
[ 15%] Building CXX object rviz/src/rviz/CMakeFiles/rviz.dir/image/image_display_base.cpp.o
[ 15%] Building CXX object rviz/src/rviz/CMakeFiles/rviz.dir/loading_dialog.cpp.o
[ 17%] Building CXX object rviz/src/rviz/CMakeFiles/rviz.dir/mesh_loader.cpp.o
[ 17%] Building CXX object rviz/src/rviz/CMakeFiles/rviz.dir/new_object_dialog.cpp.o
[ 17%] Building CXX object rviz/src/rviz/CMakeFiles/rviz.dir/add_display_dialog.cpp.o
[ 18%] Building CXX object rviz/src/rviz/CMakeFiles/rviz.dir/ogre_helpers/apply_visibility_bits.cpp.o
[ 18%] Building CXX object rviz/src/rviz/CMakeFiles/rviz.dir/ogre_helpers/arrow.cpp.o
[ 18%] Building CXX object rviz/src/rviz/CMakeFiles/rviz.dir/ogre_helpers/axes.cpp.o
[ 19%] Building CXX object rviz/src/rviz/CMakeFiles/rviz.dir/ogre_helpers/billboard_line.cpp.o
[ 19%] Building CXX object rviz/src/rviz/CMakeFiles/rviz.dir/ogre_helpers/camera_base.cpp.o
[ 19%] Building CXX object rviz/src/rviz/CMakeFiles/rviz.dir/ogre_helpers/grid.cpp.o
[ 21%] Building CXX object rviz/src/rviz/CMakeFiles/rviz.dir/ogre_helpers/initialization.cpp.o
[ 21%] Building CXX object rviz/src/rviz/CMakeFiles/rviz.dir/ogre_helpers/line.cpp.o
[ 21%] Building CXX object rviz/src/rviz/CMakeFiles/rviz.dir/ogre_helpers/movable_text.cpp.o
[ 22%] Building CXX object rviz/src/rviz/CMakeFiles/rviz.dir/ogre_helpers/object.cpp.o
[ 22%] Building CXX object rviz/src/rviz/CMakeFiles/rviz.dir/ogre_helpers/ogre_logging.cpp.o
[ 23%] Building CXX object rviz/src/rviz/CMakeFiles/rviz.dir/ogre_helpers/ogre_render_queue_clearer.cpp.o
[ 23%] Building CXX object rviz/src/rviz/CMakeFiles/rviz.dir/ogre_helpers/orthographic.cpp.o
[ 23%] Building CXX object rviz/src/rviz/CMakeFiles/rviz.dir/ogre_helpers/point_cloud.cpp.o
[ 25%] Building CXX object rviz/src/rviz/CMakeFiles/rviz.dir/ogre_helpers/qt_ogre_render_window.cpp.o
[ 25%] Building CXX object rviz/src/rviz/CMakeFiles/rviz.dir/ogre_helpers/render_system.cpp.o
[ 25%] Building CXX object rviz/src/rviz/CMakeFiles/rviz.dir/ogre_helpers/render_widget.cpp.o
[ 26%] Building CXX object rviz/src/rviz/CMakeFiles/rviz.dir/ogre_helpers/shape.cpp.o
[ 26%] Building CXX object rviz/src/rviz/CMakeFiles/rviz.dir/ogre_helpers/mesh_shape.cpp.o
[ 26%] Building CXX object rviz/src/rviz/CMakeFiles/rviz.dir/panel.cpp.o
[ 27%] Building CXX object rviz/src/rviz/CMakeFiles/rviz.dir/panel_dock_widget.cpp.o
[ 27%] Building CXX object rviz/src/rviz/CMakeFiles/rviz.dir/panel_factory.cpp.o
[ 27%] Building CXX object rviz/src/rviz/CMakeFiles/rviz.dir/preferences_dialog.cpp.o
[ 28%] Building CXX object rviz/src/rviz/CMakeFiles/rviz.dir/properties/bool_property.cpp.o
[ 28%] Building CXX object rviz/src/rviz/CMakeFiles/rviz.dir/properties/color_editor.cpp.o
[ 28%] Building CXX object rviz/src/rviz/CMakeFiles/rviz.dir/properties/color_property.cpp.o
[ 30%] Building CXX object rviz/src/rviz/CMakeFiles/rviz.dir/properties/combo_box.cpp.o
[ 30%] Building CXX object rviz/src/rviz/CMakeFiles/rviz.dir/properties/display_visibility_property.cpp.o
[ 30%] Building CXX object rviz/src/rviz/CMakeFiles/rviz.dir/properties/display_group_visibility_property.cpp.o
[ 31%] Building CXX object rviz/src/rviz/CMakeFiles/rviz.dir/properties/editable_combo_box.cpp.o
[ 31%] Building CXX object rviz/src/rviz/CMakeFiles/rviz.dir/properties/editable_enum_property.cpp.o
[ 31%] Building CXX object rviz/src/rviz/CMakeFiles/rviz.dir/properties/enum_property.cpp.o
[ 32%] Building CXX object rviz/src/rviz/CMakeFiles/rviz.dir/properties/float_edit.cpp.o
[ 32%] Building CXX object rviz/src/rviz/CMakeFiles/rviz.dir/properties/float_property.cpp.o
[ 32%] Building CXX object rviz/src/rviz/CMakeFiles/rviz.dir/properties/int_property.cpp.o
[ 34%] Building CXX object rviz/src/rviz/CMakeFiles/rviz.dir/properties/line_edit_with_button.cpp.o
[ 34%] Building CXX object rviz/src/rviz/CMakeFiles/rviz.dir/properties/parse_color.cpp.o
[ 34%] Building CXX object rviz/src/rviz/CMakeFiles/rviz.dir/properties/property.cpp.o
[ 35%] Building CXX object rviz/src/rviz/CMakeFiles/rviz.dir/properties/property_tree_delegate.cpp.o
[ 35%] Building CXX object rviz/src/rviz/CMakeFiles/rviz.dir/properties/property_tree_model.cpp.o
[ 35%] Building CXX object rviz/src/rviz/CMakeFiles/rviz.dir/properties/property_tree_widget.cpp.o
[ 36%] Building CXX object rviz/src/rviz/CMakeFiles/rviz.dir/properties/property_tree_with_help.cpp.o
[ 36%] Building CXX object rviz/src/rviz/CMakeFiles/rviz.dir/properties/quaternion_property.cpp.o
[ 36%] Building CXX object rviz/src/rviz/CMakeFiles/rviz.dir/properties/ros_topic_property.cpp.o
[ 38%] Building CXX object rviz/src/rviz/CMakeFiles/rviz.dir/properties/splitter_handle.cpp.o
[ 38%] Building CXX object rviz/src/rviz/CMakeFiles/rviz.dir/properties/status_list.cpp.o
[ 39%] Building CXX object rviz/src/rviz/CMakeFiles/rviz.dir/properties/status_property.cpp.o
[ 39%] Building CXX object rviz/src/rviz/CMakeFiles/rviz.dir/properties/string_property.cpp.o
[ 39%] Building CXX object rviz/src/rviz/CMakeFiles/rviz.dir/properties/tf_frame_property.cpp.o
[ 40%] Building CXX object rviz/src/rviz/CMakeFiles/rviz.dir/properties/vector_property.cpp.o
[ 40%] Building CXX object rviz/src/rviz/CMakeFiles/rviz.dir/render_panel.cpp.o
[ 40%] Building CXX object rviz/src/rviz/CMakeFiles/rviz.dir/robot/robot_link.cpp.o
[ 42%] Building CXX object rviz/src/rviz/CMakeFiles/rviz.dir/robot/robot_joint.cpp.o
[ 42%] Building CXX object rviz/src/rviz/CMakeFiles/rviz.dir/robot/robot.cpp.o
[ 42%] Building CXX object rviz/src/rviz/CMakeFiles/rviz.dir/robot/tf_link_updater.cpp.o
[ 43%] Building CXX object rviz/src/rviz/CMakeFiles/rviz.dir/scaled_image_widget.cpp.o
[ 43%] Building CXX object rviz/src/rviz/CMakeFiles/rviz.dir/screenshot_dialog.cpp.o
[ 43%] Building CXX object rviz/src/rviz/CMakeFiles/rviz.dir/selection_panel.cpp.o
[ 44%] Building CXX object rviz/src/rviz/CMakeFiles/rviz.dir/selection/selection_handler.cpp.o
[ 44%] Building CXX object rviz/src/rviz/CMakeFiles/rviz.dir/selection/selection_manager.cpp.o
[ 44%] Building CXX object rviz/src/rviz/CMakeFiles/rviz.dir/splash_screen.cpp.o
[ 46%] Building CXX object rviz/src/rviz/CMakeFiles/rviz.dir/time_panel.cpp.o
[ 46%] Building CXX object rviz/src/rviz/CMakeFiles/rviz.dir/tool.cpp.o
[ 46%] Building CXX object rviz/src/rviz/CMakeFiles/rviz.dir/tool_manager.cpp.o
[ 47%] Building CXX object rviz/src/rviz/CMakeFiles/rviz.dir/uniform_string_stream.cpp.o
[ 47%] Building CXX object rviz/src/rviz/CMakeFiles/rviz.dir/view_controller.cpp.o
[ 47%] Building CXX object rviz/src/rviz/CMakeFiles/rviz.dir/view_manager.cpp.o
[ 48%] Building CXX object rviz/src/rviz/CMakeFiles/rviz.dir/views_panel.cpp.o
[ 48%] Building CXX object rviz/src/rviz/CMakeFiles/rviz.dir/visualization_frame.cpp.o
[ 48%] Building CXX object rviz/src/rviz/CMakeFiles/rviz.dir/visualization_manager.cpp.o
[ 50%] Building CXX object rviz/src/rviz/CMakeFiles/rviz.dir/visualizer_app.cpp.o
[ 50%] Building CXX object rviz/src/rviz/CMakeFiles/rviz.dir/wait_for_master_dialog.cpp.o
[ 50%] Building CXX object rviz/src/rviz/CMakeFiles/rviz.dir/widget_geometry_change_detector.cpp.o
[ 51%] Building CXX object rviz/src/rviz/CMakeFiles/rviz.dir/tool_properties_panel.cpp.o
[ 51%] Building CXX object rviz/src/rviz/CMakeFiles/rviz.dir/yaml_config_reader.cpp.o
[ 51%] Building CXX object rviz/src/rviz/CMakeFiles/rviz.dir/yaml_config_writer.cpp.o
[ 52%] Building CXX object rviz/src/rviz/CMakeFiles/rviz.dir/env_config.cpp.o
[ 52%] Linking CXX shared library /mnt/d/Coding/slam/template/devel/lib/librviz.so
[ 52%] Built target rviz
Scanning dependencies of target render_panel_test_autogen
Scanning dependencies of target color_editor_test_autogen
Scanning dependencies of target two_render_widgets_autogen
Scanning dependencies of target render_points_test_autogen
Scanning dependencies of target new_display_dialog_test_autogen
Scanning dependencies of target line_edit_with_button_test_autogen
Scanning dependencies of target executable_autogen
[ 53%] Automatic MOC for target render_panel_test
[ 53%] Automatic MOC for target color_editor_test
[ 53%] Automatic MOC for target line_edit_with_button_test
[ 53%] Automatic MOC for target render_points_test
[ 53%] Automatic MOC for target two_render_widgets
Scanning dependencies of target rviz_image_view_autogen
Scanning dependencies of target rviz_default_plugin_autogen
[ 53%] Automatic MOC for target new_display_dialog_test
Scanning dependencies of target librviz_sip
[ 53%] Automatic MOC for target executable
[ 53%] Automatic MOC for target rviz_image_view
[ 53%] Automatic MOC for target rviz_default_plugin
[ 53%] Built target color_editor_test_autogen
[ 53%] Built target two_render_widgets_autogen
[ 53%] Built target new_display_dialog_test_autogen
[ 53%] Built target render_panel_test_autogen
[ 53%] Built target line_edit_with_button_test_autogen
[ 53%] Built target executable_autogen
[ 55%] Running SIP generator for rviz_sip Python bindings...
[ 55%] Built target rviz_image_view_autogen
sip: /home/numbnut/miniconda3/envs/rviz39/lib/python3.9/site-packages/PyQt5/bindings/QtCore/QtCoremod.sip:23: syntax error
Traceback (most recent call last):
  File "/opt/ros/noetic/share/python_qt_binding/cmake/sip_configure.py", line 122, in <module>
    subprocess.check_call(cmd)
  File "/home/numbnut/miniconda3/envs/rviz39/lib/python3.9/subprocess.py", line 373, in check_call
    raise CalledProcessError(retcode, cmd)
subprocess.CalledProcessError: Command '['/home/numbnut/miniconda3/envs/rviz39/bin/sip', '-c', '/mnt/d/Coding/slam/template/build/rviz/sip/rviz_sip', '-b', '/mnt/d/Coding/slam/template/build/rviz/sip/rviz_sip/pyqtscripting.sbf', '-I', '/home/numbnut/miniconda3/envs/rviz39/lib/python3.9/site-packages/PyQt5/bindings', '-w', '-n', 'PyQt5.sip', '-t', 'Qt_5_15_2', '-t', 'WS_X11', 'rviz.sip']' returned non-zero exit status 1.
make[2]: *** [rviz/src/python_bindings/sip/CMakeFiles/librviz_sip.dir/build.make:95: rviz/sip/rviz_sip/Makefile] Error 1
make[1]: *** [CMakeFiles/Makefile2:4784: rviz/src/python_bindings/sip/CMakeFiles/librviz_sip.dir/all] Error 2
make[1]: *** Waiting for unfinished jobs....
[ 55%] Built target render_points_test_autogen
Scanning dependencies of target line_edit_with_button_test
[ 55%] Building CXX object rviz/src/test/CMakeFiles/line_edit_with_button_test.dir/line_edit_with_button_test_autogen/mocs_compilation.cpp.o
[ 55%] Building CXX object rviz/src/test/CMakeFiles/line_edit_with_button_test.dir/line_edit_with_button_test.cpp.o
Scanning dependencies of target color_editor_test
[ 55%] Building CXX object rviz/src/test/CMakeFiles/color_editor_test.dir/color_editor_test_autogen/mocs_compilation.cpp.o
[ 56%] Building CXX object rviz/src/test/CMakeFiles/color_editor_test.dir/color_editor_test.cpp.o
Scanning dependencies of target executable
[ 56%] Building CXX object rviz/src/rviz/CMakeFiles/executable.dir/executable_autogen/mocs_compilation.cpp.o
[ 56%] Building CXX object rviz/src/rviz/CMakeFiles/executable.dir/main.cpp.o
Scanning dependencies of target new_display_dialog_test
[ 56%] Building CXX object rviz/src/test/CMakeFiles/new_display_dialog_test.dir/new_display_dialog_test_autogen/mocs_compilation.cpp.o
[ 56%] Building CXX object rviz/src/test/CMakeFiles/new_display_dialog_test.dir/new_display_dialog_test.cpp.o
Scanning dependencies of target two_render_widgets
[ 57%] Building CXX object rviz/src/test/CMakeFiles/two_render_widgets.dir/two_render_widgets_autogen/mocs_compilation.cpp.o
[ 57%] Building CXX object rviz/src/test/CMakeFiles/two_render_widgets.dir/two_render_widgets.cpp.o
Scanning dependencies of target render_panel_test
[ 57%] Building CXX object rviz/src/test/CMakeFiles/render_panel_test.dir/render_panel_test_autogen/mocs_compilation.cpp.o
[ 57%] Building CXX object rviz/src/test/CMakeFiles/render_panel_test.dir/render_panel_test.cpp.o
[ 59%] Linking CXX executable /mnt/d/Coding/slam/template/devel/lib/rviz/line_edit_with_button_test
Scanning dependencies of target rviz_image_view
[ 59%] Linking CXX executable /mnt/d/Coding/slam/template/devel/lib/rviz/color_editor_test
[ 60%] Building CXX object rviz/src/image_view/CMakeFiles/rviz_image_view.dir/rviz_image_view_autogen/mocs_compilation.cpp.o
[ 60%] Building CXX object rviz/src/image_view/CMakeFiles/rviz_image_view.dir/image_view.cpp.o
[ 61%] Building CXX object rviz/src/image_view/CMakeFiles/rviz_image_view.dir/main.cpp.o
[ 61%] Built target line_edit_with_button_test
[ 61%] Built target color_editor_test
[ 63%] Linking CXX executable /mnt/d/Coding/slam/template/devel/lib/rviz/rviz
[ 63%] Built target rviz_default_plugin_autogen
[ 63%] Linking CXX executable /mnt/d/Coding/slam/template/devel/lib/rviz/two_render_widgets
[ 63%] Built target executable
[ 64%] Linking CXX executable /mnt/d/Coding/slam/template/devel/lib/rviz/new_display_dialog_test
[ 64%] Built target two_render_widgets
[ 64%] Linking CXX executable /mnt/d/Coding/slam/template/devel/lib/rviz/image_view
[ 65%] Linking CXX executable /mnt/d/Coding/slam/template/devel/lib/rviz/render_panel_test
[ 65%] Built target new_display_dialog_test
[ 65%] Built target render_panel_test
[ 65%] Built target rviz_image_view
make: *** [Makefile:141: all] Error 2
Base path: /mnt/d/Coding/slam/template
Source space: /mnt/d/Coding/slam/template/src
Build space: /mnt/d/Coding/slam/template/build
Devel space: /mnt/d/Coding/slam/template/devel
Install space: /mnt/d/Coding/slam/template/install
####
#### Running command: "cmake /mnt/d/Coding/slam/template/src -DCATKIN_DEVEL_PREFIX=/mnt/d/Coding/slam/template/devel -DCMAKE_INSTALL_PREFIX=/mnt/d/Coding/slam/template/install -G Unix Makefiles" in "/mnt/d/Coding/slam/template/build"
####
####
#### Running command: "make -j16 -l16" in "/mnt/d/Coding/slam/template/build"
####
Invoking "make -j16 -l16" failed
